<?xml version="1.0" encoding="UTF-8"?>
<!-- Generated by org.testng.reporters.JUnitXMLReporter -->
<testsuite ignored="10" hostname="konduris-MacBook-Air.local" failures="0" tests="6" name="Test" time="19.755" errors="0" timestamp="2025-08-10T13:07:33 IST">
  <testcase classname="testSuite.HomePageTestClass" name="ScrollExample" time="4.532"/>
  <testcase classname="testSuite.PlayPageTestClass" name="Scenario3" time="1.576"/>
  <testcase classname="testSuite.CategoriesPageTestClass" name="Scenario2" time="7.523"/>
  <testcase classname="testSuite.AccountPageTestClass" name="Scenario3" time="2.255"/>
  <testcase classname="testSuite.CartPageTestClass" name="Scenario3" time="1.342"/>
  <testcase classname="testSuite.CartPageTestClass" name="Scenario4" time="0.36"/>
  <testcase classname="baseClass.Hooks" name="@AfterSuite tearDown" time="0.0">
    <ignored/>
  </testcase> <!-- @AfterSuite tearDown -->
  <testcase classname="baseClass.Hooks" name="@AfterSuite tearDown" time="0.0">
    <ignored/>
  </testcase> <!-- @AfterSuite tearDown -->
  <testcase classname="baseClass.Hooks" name="@AfterSuite tearDown" time="0.0">
    <ignored/>
  </testcase> <!-- @AfterSuite tearDown -->
  <testcase classname="baseClass.Hooks" name="@BeforeTest ConfigureAppium" time="0.0">
    <ignored/>
  </testcase> <!-- @BeforeTest ConfigureAppium -->
  <testcase classname="baseClass.Hooks" name="@BeforeTest ConfigureAppium" time="0.0">
    <ignored/>
  </testcase> <!-- @BeforeTest ConfigureAppium -->
  <testcase classname="baseClass.Hooks" name="@AfterSuite tearDown" time="0.0">
    <ignored/>
  </testcase> <!-- @AfterSuite tearDown -->
  <testcase classname="baseClass.Hooks" name="@AfterSuite tearDown" time="0.0">
    <ignored/>
  </testcase> <!-- @AfterSuite tearDown -->
  <testcase classname="baseClass.Hooks" name="@BeforeTest ConfigureAppium" time="0.0">
    <ignored/>
  </testcase> <!-- @BeforeTest ConfigureAppium -->
  <testcase classname="baseClass.Hooks" name="@BeforeTest ConfigureAppium" time="0.0">
    <ignored/>
  </testcase> <!-- @BeforeTest ConfigureAppium -->
  <testcase classname="baseClass.Hooks" name="@BeforeTest ConfigureAppium" time="0.0">
    <ignored/>
  </testcase> <!-- @BeforeTest ConfigureAppium -->
</testsuite> <!-- Test -->
