<?xml version="1.0" encoding="UTF-8"?>
<!-- Generated by org.testng.reporters.JUnitXMLReporter -->
<testsuite ignored="0" hostname="konduris-MacBook-Air.local" failures="1" tests="1" name="Test" time="0.053" errors="0" timestamp="2025-06-27T21:52:57 IST">
  <testcase classname="baseTest.Hooks" name="SetUp" time="0.041">
    <failure type="java.lang.NoSuchMethodError" message="&amp;apos;void org.openqa.selenium.remote.http.ClientConfig.&amp;lt;init&amp;gt;(java.net.URI, java.time.Duration, java.time.Duration, org.openqa.selenium.remote.http.Filter, java.net.Proxy, org.openqa.selenium.Credentials)&amp;apos;">
      <![CDATA[java.lang.NoSuchMethodError: 'void org.openqa.selenium.remote.http.ClientConfig.<init>(java.net.URI, java.time.Duration, java.time.Duration, org.openqa.selenium.remote.http.Filter, java.net.Proxy, org.openqa.selenium.Credentials)'
at io.appium.java_client.AppiumClientConfig.<init>(AppiumClientConfig.java:62)
at io.appium.java_client.AppiumClientConfig.defaultConfig(AppiumClientConfig.java:79)
at io.appium.java_client.remote.AppiumCommandExecutor.<init>(AppiumCommandExecutor.java:109)
at io.appium.java_client.AppiumDriver.<init>(AppiumDriver.java:92)
at io.appium.java_client.android.AndroidDriver.<init>(AndroidDriver.java:117)
at baseTest.Hooks.SetUp(Hooks.java:31)
at java.base/java.util.ArrayList.forEach(ArrayList.java:1596)
... Removed 25 stack frames]]>
    </failure>
  </testcase> <!-- SetUp -->
</testsuite> <!-- Test -->
