<?xml version="1.0" encoding="UTF-8"?>
<testng-results ignored="10" total="16" passed="6" failed="0" skipped="0">
  <reporter-output>
  </reporter-output>
  <suite started-at="2025-08-10T13:07:13 IST" name="Suite" finished-at="2025-08-10T13:07:33 IST" duration-ms="19755">
    <groups>
    </groups>
    <test started-at="2025-08-10T13:07:13 IST" name="Test" finished-at="2025-08-10T13:07:33 IST" duration-ms="19755">
      <class name="testSuite.CartPageTestClass">
        <test-method is-config="true" signature="setup()[pri:0, instance:testSuite.CartPageTestClass@2f8dad04]" started-at="2025-08-10T13:07:31 IST" name="setup" finished-at="2025-08-10T13:07:31 IST" duration-ms="5" status="PASS">
          <reporter-output>
          </reporter-output>
        </test-method> <!-- setup -->
        <test-method signature="Scenario3()[pri:0, instance:testSuite.CartPageTestClass@2f8dad04]" started-at="2025-08-10T13:07:31 IST" name="Scenario3" finished-at="2025-08-10T13:07:33 IST" duration-ms="1342" status="PASS">
          <reporter-output>
          </reporter-output>
        </test-method> <!-- Scenario3 -->
        <test-method signature="Scenario4()[pri:0, instance:testSuite.CartPageTestClass@2f8dad04]" started-at="2025-08-10T13:07:33 IST" name="Scenario4" finished-at="2025-08-10T13:07:33 IST" duration-ms="360" status="PASS">
          <reporter-output>
          </reporter-output>
        </test-method> <!-- Scenario4 -->
      </class> <!-- testSuite.CartPageTestClass -->
      <class name="testSuite.AccountPageTestClass">
        <test-method is-config="true" signature="setup()[pri:0, instance:testSuite.AccountPageTestClass@2bfc268b]" started-at="2025-08-10T13:07:29 IST" name="setup" finished-at="2025-08-10T13:07:29 IST" duration-ms="11" status="PASS">
          <reporter-output>
          </reporter-output>
        </test-method> <!-- setup -->
        <test-method signature="Scenario3()[pri:0, instance:testSuite.AccountPageTestClass@2bfc268b]" started-at="2025-08-10T13:07:29 IST" name="Scenario3" finished-at="2025-08-10T13:07:31 IST" duration-ms="2255" status="PASS">
          <reporter-output>
          </reporter-output>
        </test-method> <!-- Scenario3 -->
      </class> <!-- testSuite.AccountPageTestClass -->
      <class name="testSuite.HomePageTestClass">
        <test-method is-config="true" signature="setup()[pri:0, instance:testSuite.HomePageTestClass@696da30b]" started-at="2025-08-10T13:07:15 IST" name="setup" finished-at="2025-08-10T13:07:15 IST" duration-ms="157" status="PASS">
          <reporter-output>
          </reporter-output>
        </test-method> <!-- setup -->
        <test-method signature="ScrollExample()[pri:0, instance:testSuite.HomePageTestClass@696da30b]" started-at="2025-08-10T13:07:15 IST" name="ScrollExample" finished-at="2025-08-10T13:07:20 IST" duration-ms="4532" status="PASS">
          <reporter-output>
          </reporter-output>
        </test-method> <!-- ScrollExample -->
      </class> <!-- testSuite.HomePageTestClass -->
      <class name="baseClass.Hooks">
        <test-method is-config="true" signature="ConfigureAppium()[pri:0, instance:baseClass.Hooks@2177849e]" started-at="2025-08-10T13:07:13 IST" name="ConfigureAppium" finished-at="2025-08-10T13:07:15 IST" duration-ms="1954" status="PASS">
          <reporter-output>
          </reporter-output>
        </test-method> <!-- ConfigureAppium -->
        <test-method is-config="true" signature="tearDown()[pri:0, instance:baseClass.Hooks@2177849e]" started-at="2025-08-10T13:07:33 IST" name="tearDown" finished-at="2025-08-10T13:07:33 IST" duration-ms="354" status="PASS">
          <reporter-output>
          </reporter-output>
        </test-method> <!-- tearDown -->
      </class> <!-- baseClass.Hooks -->
      <class name="testSuite.PlayPageTestClass">
        <test-method is-config="true" signature="setup()[pri:0, instance:testSuite.PlayPageTestClass@4e7912d8]" started-at="2025-08-10T13:07:20 IST" name="setup" finished-at="2025-08-10T13:07:20 IST" duration-ms="4" status="PASS">
          <reporter-output>
          </reporter-output>
        </test-method> <!-- setup -->
        <test-method signature="Scenario3()[pri:0, instance:testSuite.PlayPageTestClass@4e7912d8]" started-at="2025-08-10T13:07:20 IST" name="Scenario3" finished-at="2025-08-10T13:07:21 IST" duration-ms="1576" status="PASS">
          <reporter-output>
          </reporter-output>
        </test-method> <!-- Scenario3 -->
      </class> <!-- testSuite.PlayPageTestClass -->
      <class name="testSuite.CategoriesPageTestClass">
        <test-method is-config="true" signature="setup()[pri:0, instance:testSuite.CategoriesPageTestClass@53976f5c]" started-at="2025-08-10T13:07:21 IST" name="setup" finished-at="2025-08-10T13:07:21 IST" duration-ms="4" status="PASS">
          <reporter-output>
          </reporter-output>
        </test-method> <!-- setup -->
        <test-method signature="Scenario2()[pri:0, instance:testSuite.CategoriesPageTestClass@53976f5c]" started-at="2025-08-10T13:07:21 IST" name="Scenario2" finished-at="2025-08-10T13:07:29 IST" duration-ms="7523" status="PASS">
          <reporter-output>
          </reporter-output>
        </test-method> <!-- Scenario2 -->
      </class> <!-- testSuite.CategoriesPageTestClass -->
    </test> <!-- Test -->
  </suite> <!-- Suite -->
</testng-results>
